<?xml version="1.0" encoding="UTF-8"?>
<testsuite xmlns:xsi="http://www.w3.org/2001/XMLSchema-instance" xsi:noNamespaceSchemaLocation="https://maven.apache.org/surefire/maven-surefire-plugin/xsd/surefire-test-report.xsd" version="3.0.2" name="com.harpreetsaund.transactioneventbridge.TransactionEventBridgeApplicationTests" time="1.501" tests="1" errors="0" skipped="0" failures="0">
  <properties>
[...]
</properties>
  <testcase name="contextLoads" classname="com.harpreetsaund.transactioneventbridge.TransactionEventBridgeApplicationTests" time="0.004">
    <system-out><![CDATA[11:18:42.271 [main] INFO org.springframework.test.context.support.AnnotationConfigContextLoaderUtils -- Could not detect default configuration classes for test class [com.harpreetsaund.transactioneventbridge.TransactionEventBridgeApplicationTests]: TransactionEventBridgeApplicationTests does not declare any static, non-private, non-final, nested classes annotated with @Configuration.
11:18:42.321 [main] INFO org.springframework.boot.test.context.SpringBootTestContextBootstrapper -- Found @SpringBootConfiguration com.harpreetsaund.transactioneventbridge.TransactionEventBridgeApplication for test class com.harpreetsaund.transactioneventbridge.TransactionEventBridgeApplicationTests
11:18:42.400 [main] INFO org.springframework.boot.devtools.restart.RestartApplicationListener -- Restart disabled due to context in which it is running
  __  __  ___    _  __      __ _          _        _    _
 |  \/  |/ _ \  | |/ /__ _ / _| |____ _  | |__ _ _(_)__| |__ _ ___
 | |\/| | (_) | | ' </ _` |  _| / / _` | | '_ \ '_| / _` / _` / -_)
 |_|  |_|\__\_\ |_|\_\__,_|_| |_\_\__,_| |_.__/_| |_\__,_\__, \___|
                                                         |___/
___________________________________________________________________

Application: transaction-event-bridge
Version: 1.0.0-SNAPSHOT
Description: IBM MQ and Apache Kafka for real-time event bridge

2026-03-12T11:18:42.536-04:00  WARN 90043 --- [transaction-event-bridge] [           main] ory$DuplicateJsonObjectContextCustomizer : 

Found multiple occurrences of org.json.JSONObject on the class path:

	jar:file:/Users/harpreetsaund/.m2/repository/org/json/json/20250517/json-20250517.jar!/org/json/JSONObject.class
	jar:file:/Users/harpreetsaund/.m2/repository/com/vaadin/external/google/android-json/0.0.20131108.vaadin1/android-json-0.0.20131108.vaadin1.jar!/org/json/JSONObject.class

You may wish to exclude one of them to ensure predictable runtime behavior

2026-03-12T11:18:42.541-04:00  INFO 90043 --- [transaction-event-bridge] [           main] t.TransactionEventBridgeApplicationTests : Starting TransactionEventBridgeApplicationTests using Java 25.0.1 with PID 90043 (started by harpreetsaund in /Users/harpreetsaund/intellij-workspace/banking-event-platform/transaction-event-bridge)
2026-03-12T11:18:42.541-04:00  INFO 90043 --- [transaction-event-bridge] [           main] t.TransactionEventBridgeApplicationTests : The following 1 profile is active: "local"
2026-03-12T11:18:42.874-04:00  INFO 90043 --- [transaction-event-bridge] [           main] faultConfiguringBeanFactoryPostProcessor : No bean named 'errorChannel' has been explicitly defined. Therefore, a default PublishSubscribeChannel will be created.
2026-03-12T11:18:42.878-04:00  INFO 90043 --- [transaction-event-bridge] [           main] faultConfiguringBeanFactoryPostProcessor : No bean named 'integrationHeaderChannelRegistry' has been explicitly defined. Therefore, a default DefaultHeaderChannelRegistry will be created.
2026-03-12T11:18:42.982-04:00  INFO 90043 --- [transaction-event-bridge] [           main] c.h.t.config.EnvironmentConfig           : Environment configuration enabled.
2026-03-12T11:18:42.982-04:00  INFO 90043 --- [transaction-event-bridge] [           main] c.h.t.config.EnvironmentConfig           : environment: ApplicationReactiveWebEnvironment {activeProfiles=[local], defaultProfiles=[default], propertySources=[ConfigurationPropertySourcesPropertySource {name='configurationProperties'}, PropertiesPropertySource {name='com.ibm.mq.spring.boot.MQConfigurationListenerDefault'}, MapPropertySource {name='Inlined Test Properties'}, PropertiesPropertySource {name='systemProperties'}, OriginAwareSystemEnvironmentPropertySource {name='systemEnvironment'}, RandomValuePropertySource {name='random'}, OriginTrackedMapPropertySource {name='Config resource 'class path resource [config/application-local.yml]' via location 'optional:classpath:/config/''}, OriginTrackedMapPropertySource {name='Config resource 'class path resource [config/application.yml]' via location 'optional:classpath:/config/''}, OriginTrackedMapPropertySource {name='Config resource 'class path resource [application.yml]' via location 'optional:classpath:/''}, ApplicationInfoPropertySource {name='applicationInfo'}]}
2026-03-12T11:18:42.984-04:00  INFO 90043 --- [transaction-event-bridge] [           main] c.h.t.config.InboundChannelConfig        : Inbound Integration configuration enabled.
2026-03-12T11:18:42.984-04:00  INFO 90043 --- [transaction-event-bridge] [           main] c.h.t.config.InboundChannelConfig        : inbound-channel.queue-name=DEV.TRANSACTION.IN
2026-03-12T11:18:42.984-04:00  INFO 90043 --- [transaction-event-bridge] [           main] c.h.t.config.IntegrationConfig           : Spring Integration configuration enabled.
2026-03-12T11:18:42.985-04:00  INFO 90043 --- [transaction-event-bridge] [           main] c.h.t.config.JmsConfig                   : JMS configuration enabled.
2026-03-12T11:18:42.985-04:00  INFO 90043 --- [transaction-event-bridge] [           main] c.h.t.config.KafkaConfig                 : Kafka configuration enabled.
2026-03-12T11:18:42.986-04:00  INFO 90043 --- [transaction-event-bridge] [           main] c.h.t.config.OutboundChannelConfig       : Outbound channel configuration enabled.
2026-03-12T11:18:43.393-04:00  INFO 90043 --- [transaction-event-bridge] [           main] o.s.b.a.e.web.EndpointLinksResolver      : Exposing 13 endpoints beneath base path '/actuator'
2026-03-12T11:18:43.547-04:00  INFO 90043 --- [transaction-event-bridge] [           main] o.s.i.endpoint.EventDrivenConsumer       : Adding {logging-channel-adapter:_org.springframework.integration.errorLogger} as a subscriber to the 'errorChannel' channel
2026-03-12T11:18:43.547-04:00  INFO 90043 --- [transaction-event-bridge] [           main] o.s.i.channel.PublishSubscribeChannel    : Channel 'transaction-event-bridge.errorChannel' has 1 subscriber(s).
2026-03-12T11:18:43.547-04:00  INFO 90043 --- [transaction-event-bridge] [           main] o.s.i.endpoint.EventDrivenConsumer       : started bean '_org.springframework.integration.errorLogger'
2026-03-12T11:18:43.547-04:00  INFO 90043 --- [transaction-event-bridge] [           main] o.s.i.endpoint.EventDrivenConsumer       : Adding {message-handler:outboundKafkaSuccessHandler.serviceActivator} as a subscriber to the 'outboundKafkaSuccessChannel' channel
2026-03-12T11:18:43.547-04:00  INFO 90043 --- [transaction-event-bridge] [           main] o.s.integration.channel.DirectChannel    : Channel 'transaction-event-bridge.outboundKafkaSuccessChannel' has 1 subscriber(s).
2026-03-12T11:18:43.547-04:00  INFO 90043 --- [transaction-event-bridge] [           main] o.s.i.endpoint.EventDrivenConsumer       : started bean 'outboundKafkaSuccessHandler.serviceActivator'
2026-03-12T11:18:43.547-04:00  INFO 90043 --- [transaction-event-bridge] [           main] o.s.i.endpoint.EventDrivenConsumer       : Adding {message-handler:outboundKafkaFailureHandler.serviceActivator} as a subscriber to the 'outboundKafkaFailureChannel' channel
2026-03-12T11:18:43.547-04:00  INFO 90043 --- [transaction-event-bridge] [           main] o.s.integration.channel.DirectChannel    : Channel 'transaction-event-bridge.outboundKafkaFailureChannel' has 1 subscriber(s).
2026-03-12T11:18:43.547-04:00  INFO 90043 --- [transaction-event-bridge] [           main] o.s.i.endpoint.EventDrivenConsumer       : started bean 'outboundKafkaFailureHandler.serviceActivator'
2026-03-12T11:18:43.712-04:00  INFO 90043 --- [transaction-event-bridge] [           main] o.s.j.c.CachingConnectionFactory         : Start attempt failed for shared JMS Connection

com.ibm.msg.client.jakarta.jms.DetailedIllegalStateException: JMSWMQ0018: Failed to connect to queue manager 'QM1' with connection mode 'Client' and host name 'localhost(1414)'.
Check the queue manager is started and if running in client mode, check there is a listener running. Please see the linked exception for more information.
	at com.ibm.msg.client.jakarta.wmq.common.internal.Reason.reasonToException(Reason.java:603) ~[com.ibm.mq.jakarta.client-9.4.4.0.jar:9.4.4.0 - p944-L251003]
	at com.ibm.msg.client.jakarta.wmq.common.internal.Reason.createException(Reason.java:229) ~[com.ibm.mq.jakarta.client-9.4.4.0.jar:9.4.4.0 - p944-L251003]
	at com.ibm.msg.client.jakarta.wmq.internal.WMQConnection.<init>(WMQConnection.java:506) ~[com.ibm.mq.jakarta.client-9.4.4.0.jar:9.4.4.0 - p944-L251003]
	at com.ibm.msg.client.jakarta.wmq.factories.WMQConnectionFactory.createV7ProviderConnection(WMQConnectionFactory.java:9351) ~[com.ibm.mq.jakarta.client-9.4.4.0.jar:9.4.4.0 - p944-L251003]
	at com.ibm.msg.client.jakarta.wmq.factories.WMQConnectionFactory.createProviderConnection(WMQConnectionFactory.java:8581) ~[com.ibm.mq.jakarta.client-9.4.4.0.jar:9.4.4.0 - p944-L251003]
	at com.ibm.msg.client.jakarta.jms.admin.JmsConnectionFactoryImpl._createConnection(JmsConnectionFactoryImpl.java:322) ~[com.ibm.mq.jakarta.client-9.4.4.0.jar:9.4.4.0 - p944-L251003]
	at com.ibm.msg.client.jakarta.jms.admin.JmsConnectionFactoryImpl.createConnection(JmsConnectionFactoryImpl.java:242) ~[com.ibm.mq.jakarta.client-9.4.4.0.jar:9.4.4.0 - p944-L251003]
	at com.ibm.mq.jakarta.jms.MQConnectionFactory.createCommonConnection(MQConnectionFactory.java:6548) ~[com.ibm.mq.jakarta.client-9.4.4.0.jar:9.4.4.0 - p944-L251003]
	at com.ibm.mq.jakarta.jms.MQConnectionFactory.createConnection(MQConnectionFactory.java:6577) ~[com.ibm.mq.jakarta.client-9.4.4.0.jar:9.4.4.0 - p944-L251003]
	at org.springframework.jms.connection.SingleConnectionFactory.doCreateConnection(SingleConnectionFactory.java:466) ~[spring-jms-7.0.5.jar:7.0.5]
	at org.springframework.jms.connection.SingleConnectionFactory.initConnection(SingleConnectionFactory.java:425) ~[spring-jms-7.0.5.jar:7.0.5]
	at org.springframework.jms.connection.SingleConnectionFactory.start(SingleConnectionFactory.java:370) ~[spring-jms-7.0.5.jar:7.0.5]
	at org.springframework.context.support.DefaultLifecycleProcessor.doStart(DefaultLifecycleProcessor.java:420) ~[spring-context-7.0.5.jar:7.0.5]
	at org.springframework.context.support.DefaultLifecycleProcessor.doStart(DefaultLifecycleProcessor.java:409) ~[spring-context-7.0.5.jar:7.0.5]
	at org.springframework.context.support.DefaultLifecycleProcessor.doStart(DefaultLifecycleProcessor.java:402) ~[spring-context-7.0.5.jar:7.0.5]
	at org.springframework.context.support.DefaultLifecycleProcessor.doStart(DefaultLifecycleProcessor.java:402) ~[spring-context-7.0.5.jar:7.0.5]
	at org.springframework.context.support.DefaultLifecycleProcessor$LifecycleGroup.start(DefaultLifecycleProcessor.java:613) ~[spring-context-7.0.5.jar:7.0.5]
	at java.base/java.lang.Iterable.forEach(Iterable.java:75) ~[na:na]
	at org.springframework.context.support.DefaultLifecycleProcessor.startBeans(DefaultLifecycleProcessor.java:379) ~[spring-context-7.0.5.jar:7.0.5]
	at org.springframework.context.support.DefaultLifecycleProcessor.onRefresh(DefaultLifecycleProcessor.java:306) ~[spring-context-7.0.5.jar:7.0.5]
	at org.springframework.context.support.AbstractApplicationContext.finishRefresh(AbstractApplicationContext.java:1013) ~[spring-context-7.0.5.jar:7.0.5]
	at org.springframework.context.support.AbstractApplicationContext.refresh(AbstractApplicationContext.java:624) ~[spring-context-7.0.5.jar:7.0.5]
	at org.springframework.boot.SpringApplication.refresh(SpringApplication.java:756) ~[spring-boot-4.0.3.jar:4.0.3]
	at org.springframework.boot.SpringApplication.refreshContext(SpringApplication.java:445) ~[spring-boot-4.0.3.jar:4.0.3]
	at org.springframework.boot.SpringApplication.run(SpringApplication.java:321) ~[spring-boot-4.0.3.jar:4.0.3]
	at org.springframework.boot.test.context.SpringBootContextLoader.lambda$loadContext$2(SpringBootContextLoader.java:156) ~[spring-boot-test-4.0.3.jar:4.0.3]
	at org.springframework.util.function.ThrowingSupplier.get(ThrowingSupplier.java:58) ~[spring-core-7.0.5.jar:7.0.5]
	at org.springframework.util.function.ThrowingSupplier.get(ThrowingSupplier.java:46) ~[spring-core-7.0.5.jar:7.0.5]
	at org.springframework.boot.SpringApplication.withHook(SpringApplication.java:1465) ~[spring-boot-4.0.3.jar:4.0.3]
	at org.springframework.boot.test.context.SpringBootContextLoader$ContextLoaderHook.run(SpringBootContextLoader.java:605) ~[spring-boot-test-4.0.3.jar:4.0.3]
	at org.springframework.boot.test.context.SpringBootContextLoader.loadContext(SpringBootContextLoader.java:156) ~[spring-boot-test-4.0.3.jar:4.0.3]
	at org.springframework.boot.test.context.SpringBootContextLoader.loadContext(SpringBootContextLoader.java:115) ~[spring-boot-test-4.0.3.jar:4.0.3]
	at org.springframework.test.context.cache.DefaultCacheAwareContextLoaderDelegate.loadContextInternal(DefaultCacheAwareContextLoaderDelegate.java:247) ~[spring-test-7.0.5.jar:7.0.5]
	at org.springframework.test.context.cache.DefaultCacheAwareContextLoaderDelegate.lambda$loadContext$0(DefaultCacheAwareContextLoaderDelegate.java:167) ~[spring-test-7.0.5.jar:7.0.5]
	at org.springframework.test.context.cache.DefaultContextCache.put(DefaultContextCache.java:214) ~[spring-test-7.0.5.jar:7.0.5]
	at org.springframework.test.context.cache.DefaultCacheAwareContextLoaderDelegate.loadContext(DefaultCacheAwareContextLoaderDelegate.java:160) ~[spring-test-7.0.5.jar:7.0.5]
	at org.springframework.test.context.support.DefaultTestContext.getApplicationContext(DefaultTestContext.java:128) ~[spring-test-7.0.5.jar:7.0.5]
	at org.springframework.test.context.support.DependencyInjectionTestExecutionListener.injectDependencies(DependencyInjectionTestExecutionListener.java:155) ~[spring-test-7.0.5.jar:7.0.5]
	at org.springframework.test.context.support.DependencyInjectionTestExecutionListener.prepareTestInstance(DependencyInjectionTestExecutionListener.java:111) ~[spring-test-7.0.5.jar:7.0.5]
	at org.springframework.test.context.TestContextManager.prepareTestInstance(TestContextManager.java:260) ~[spring-test-7.0.5.jar:7.0.5]
	at org.springframework.test.context.junit.jupiter.SpringExtension.postProcessTestInstance(SpringExtension.java:210) ~[spring-test-7.0.5.jar:7.0.5]
	at org.junit.jupiter.engine.descriptor.ClassBasedTestDescriptor.lambda$invokeTestInstancePostProcessors$1(ClassBasedTestDescriptor.java:423) ~[junit-jupiter-engine-6.0.3.jar:6.0.3]
	at org.junit.jupiter.engine.descriptor.ClassBasedTestDescriptor.executeAndMaskThrowable(ClassBasedTestDescriptor.java:428) ~[junit-jupiter-engine-6.0.3.jar:6.0.3]
	at org.junit.jupiter.engine.descriptor.ClassBasedTestDescriptor.lambda$invokeTestInstancePostProcessors$0(ClassBasedTestDescriptor.java:422) ~[junit-jupiter-engine-6.0.3.jar:6.0.3]
	at java.base/java.util.stream.ForEachOps$ForEachOp$OfRef.accept(ForEachOps.java:186) ~[na:na]
	at java.base/java.util.stream.ReferencePipeline$3$1.accept(ReferencePipeline.java:214) ~[na:na]
	at java.base/java.util.stream.ReferencePipeline$2$1.accept(ReferencePipeline.java:197) ~[na:na]
	at java.base/java.util.stream.ReferencePipeline$3$1.accept(ReferencePipeline.java:214) ~[na:na]
	at java.base/java.util.ArrayList$ArrayListSpliterator.forEachRemaining(ArrayList.java:1716) ~[na:na]
	at java.base/java.util.stream.AbstractPipeline.copyInto(AbstractPipeline.java:570) ~[na:na]
	at java.base/java.util.stream.AbstractPipeline.wrapAndCopyInto(AbstractPipeline.java:560) ~[na:na]
	at java.base/java.util.stream.ForEachOps$ForEachOp.evaluateSequential(ForEachOps.java:153) ~[na:na]
	at java.base/java.util.stream.ForEachOps$ForEachOp$OfRef.evaluateSequential(ForEachOps.java:176) ~[na:na]
	at java.base/java.util.stream.AbstractPipeline.evaluate(AbstractPipeline.java:265) ~[na:na]
	at java.base/java.util.stream.ReferencePipeline.forEach(ReferencePipeline.java:632) ~[na:na]
	at org.junit.jupiter.engine.descriptor.ClassBasedTestDescriptor.invokeTestInstancePostProcessors(ClassBasedTestDescriptor.java:422) ~[junit-jupiter-engine-6.0.3.jar:6.0.3]
	at org.junit.jupiter.engine.descriptor.ClassBasedTestDescriptor.lambda$instantiateAndPostProcessTestInstance$0(ClassBasedTestDescriptor.java:334) ~[junit-jupiter-engine-6.0.3.jar:6.0.3]
	at org.junit.platform.engine.support.hierarchical.ThrowableCollector.execute(ThrowableCollector.java:74) ~[junit-platform-engine-6.0.3.jar:6.0.3]
	at org.junit.jupiter.engine.descriptor.ClassBasedTestDescriptor.instantiateAndPostProcessTestInstance(ClassBasedTestDescriptor.java:333) ~[junit-jupiter-engine-6.0.3.jar:6.0.3]
	at org.junit.jupiter.engine.descriptor.ClassBasedTestDescriptor.lambda$testInstancesProvider$1(ClassBasedTestDescriptor.java:322) ~[junit-jupiter-engine-6.0.3.jar:6.0.3]
	at java.base/java.util.Optional.orElseGet(Optional.java:364) ~[na:na]
	at org.junit.jupiter.engine.descriptor.ClassBasedTestDescriptor.lambda$testInstancesProvider$0(ClassBasedTestDescriptor.java:321) ~[junit-jupiter-engine-6.0.3.jar:6.0.3]
	at org.junit.jupiter.engine.execution.TestInstancesProvider.getTestInstances(TestInstancesProvider.java:27) ~[junit-jupiter-engine-6.0.3.jar:6.0.3]
	at org.junit.jupiter.engine.descriptor.TestMethodTestDescriptor.lambda$prepare$0(TestMethodTestDescriptor.java:127) ~[junit-jupiter-engine-6.0.3.jar:6.0.3]
	at org.junit.platform.engine.support.hierarchical.ThrowableCollector.execute(ThrowableCollector.java:74) ~[junit-platform-engine-6.0.3.jar:6.0.3]
	at org.junit.jupiter.engine.descriptor.TestMethodTestDescriptor.prepare(TestMethodTestDescriptor.java:126) ~[junit-jupiter-engine-6.0.3.jar:6.0.3]
	at org.junit.jupiter.engine.descriptor.TestMethodTestDescriptor.prepare(TestMethodTestDescriptor.java:70) ~[junit-jupiter-engine-6.0.3.jar:6.0.3]
	at org.junit.platform.engine.support.hierarchical.NodeTestTask.lambda$prepare$0(NodeTestTask.java:144) ~[junit-platform-engine-6.0.3.jar:6.0.3]
	at org.junit.platform.engine.support.hierarchical.ThrowableCollector.execute(ThrowableCollector.java:74) ~[junit-platform-engine-6.0.3.jar:6.0.3]
	at org.junit.platform.engine.support.hierarchical.NodeTestTask.prepare(NodeTestTask.java:144) ~[junit-platform-engine-6.0.3.jar:6.0.3]
	at org.junit.platform.engine.support.hierarchical.NodeTestTask.execute(NodeTestTask.java:110) ~[junit-platform-engine-6.0.3.jar:6.0.3]
	at java.base/java.util.ArrayList.forEach(ArrayList.java:1604) ~[na:na]
	at org.junit.platform.engine.support.hierarchical.SameThreadHierarchicalTestExecutorService.invokeAll(SameThreadHierarchicalTestExecutorService.java:42) ~[junit-platform-engine-6.0.3.jar:6.0.3]
	at org.junit.platform.engine.support.hierarchical.NodeTestTask.lambda$executeRecursively$2(NodeTestTask.java:180) ~[junit-platform-engine-6.0.3.jar:6.0.3]
	at org.junit.platform.engine.support.hierarchical.ThrowableCollector.execute(ThrowableCollector.java:74) ~[junit-platform-engine-6.0.3.jar:6.0.3]
	at org.junit.platform.engine.support.hierarchical.NodeTestTask.lambda$executeRecursively$1(NodeTestTask.java:166) ~[junit-platform-engine-6.0.3.jar:6.0.3]
	at org.junit.platform.engine.support.hierarchical.Node.around(Node.java:138) ~[junit-platform-engine-6.0.3.jar:6.0.3]
	at org.junit.platform.engine.support.hierarchical.NodeTestTask.lambda$executeRecursively$0(NodeTestTask.java:164) ~[junit-platform-engine-6.0.3.jar:6.0.3]
	at org.junit.platform.engine.support.hierarchical.ThrowableCollector.execute(ThrowableCollector.java:74) ~[junit-platform-engine-6.0.3.jar:6.0.3]
	at org.junit.platform.engine.support.hierarchical.NodeTestTask.executeRecursively(NodeTestTask.java:163) ~[junit-platform-engine-6.0.3.jar:6.0.3]
	at org.junit.platform.engine.support.hierarchical.NodeTestTask.execute(NodeTestTask.java:116) ~[junit-platform-engine-6.0.3.jar:6.0.3]
	at java.base/java.util.ArrayList.forEach(ArrayList.java:1604) ~[na:na]
	at org.junit.platform.engine.support.hierarchical.SameThreadHierarchicalTestExecutorService.invokeAll(SameThreadHierarchicalTestExecutorService.java:42) ~[junit-platform-engine-6.0.3.jar:6.0.3]
	at org.junit.platform.engine.support.hierarchical.NodeTestTask.lambda$executeRecursively$2(NodeTestTask.java:180) ~[junit-platform-engine-6.0.3.jar:6.0.3]
	at org.junit.platform.engine.support.hierarchical.ThrowableCollector.execute(ThrowableCollector.java:74) ~[junit-platform-engine-6.0.3.jar:6.0.3]
	at org.junit.platform.engine.support.hierarchical.NodeTestTask.lambda$executeRecursively$1(NodeTestTask.java:166) ~[junit-platform-engine-6.0.3.jar:6.0.3]
	at org.junit.platform.engine.support.hierarchical.Node.around(Node.java:138) ~[junit-platform-engine-6.0.3.jar:6.0.3]
	at org.junit.platform.engine.support.hierarchical.NodeTestTask.lambda$executeRecursively$0(NodeTestTask.java:164) ~[junit-platform-engine-6.0.3.jar:6.0.3]
	at org.junit.platform.engine.support.hierarchical.ThrowableCollector.execute(ThrowableCollector.java:74) ~[junit-platform-engine-6.0.3.jar:6.0.3]
	at org.junit.platform.engine.support.hierarchical.NodeTestTask.executeRecursively(NodeTestTask.java:163) ~[junit-platform-engine-6.0.3.jar:6.0.3]
	at org.junit.platform.engine.support.hierarchical.NodeTestTask.execute(NodeTestTask.java:116) ~[junit-platform-engine-6.0.3.jar:6.0.3]
	at org.junit.platform.engine.support.hierarchical.SameThreadHierarchicalTestExecutorService.submit(SameThreadHierarchicalTestExecutorService.java:36) ~[junit-platform-engine-6.0.3.jar:6.0.3]
	at org.junit.platform.engine.support.hierarchical.HierarchicalTestExecutor.execute(HierarchicalTestExecutor.java:52) ~[junit-platform-engine-6.0.3.jar:6.0.3]
	at org.junit.platform.engine.support.hierarchical.HierarchicalTestEngine.execute(HierarchicalTestEngine.java:58) ~[junit-platform-engine-6.0.3.jar:6.0.3]
	at org.junit.platform.launcher.core.EngineExecutionOrchestrator.executeEngine(EngineExecutionOrchestrator.java:246) ~[junit-platform-launcher-6.0.3.jar:6.0.3]
	at org.junit.platform.launcher.core.EngineExecutionOrchestrator.failOrExecuteEngine(EngineExecutionOrchestrator.java:218) ~[junit-platform-launcher-6.0.3.jar:6.0.3]
	at org.junit.platform.launcher.core.EngineExecutionOrchestrator.execute(EngineExecutionOrchestrator.java:179) ~[junit-platform-launcher-6.0.3.jar:6.0.3]
	at org.junit.platform.launcher.core.EngineExecutionOrchestrator.execute(EngineExecutionOrchestrator.java:108) ~[junit-platform-launcher-6.0.3.jar:6.0.3]
	at org.junit.platform.launcher.core.EngineExecutionOrchestrator.lambda$execute$0(EngineExecutionOrchestrator.java:66) ~[junit-platform-launcher-6.0.3.jar:6.0.3]
	at org.junit.platform.launcher.core.EngineExecutionOrchestrator.withInterceptedStreams(EngineExecutionOrchestrator.java:157) ~[junit-platform-launcher-6.0.3.jar:6.0.3]
	at org.junit.platform.launcher.core.EngineExecutionOrchestrator.execute(EngineExecutionOrchestrator.java:65) ~[junit-platform-launcher-6.0.3.jar:6.0.3]
	at org.junit.platform.launcher.core.DefaultLauncher.execute(DefaultLauncher.java:125) ~[junit-platform-launcher-6.0.3.jar:6.0.3]
	at org.junit.platform.launcher.core.DefaultLauncher.execute(DefaultLauncher.java:114) ~[junit-platform-launcher-6.0.3.jar:6.0.3]
	at org.junit.platform.launcher.core.DelegatingLauncher.execute(DelegatingLauncher.java:58) ~[junit-platform-launcher-6.0.3.jar:6.0.3]
	at org.junit.platform.launcher.core.InterceptingLauncher.lambda$execute$2(InterceptingLauncher.java:57) ~[junit-platform-launcher-6.0.3.jar:6.0.3]
	at org.junit.platform.launcher.core.ClasspathAlignmentCheckingLauncherInterceptor.intercept(ClasspathAlignmentCheckingLauncherInterceptor.java:25) ~[junit-platform-launcher-6.0.3.jar:6.0.3]
	at org.junit.platform.launcher.core.InterceptingLauncher.execute(InterceptingLauncher.java:56) ~[junit-platform-launcher-6.0.3.jar:6.0.3]
	at org.junit.platform.launcher.core.DelegatingLauncher.execute(DelegatingLauncher.java:58) ~[junit-platform-launcher-6.0.3.jar:6.0.3]
	at java.base/jdk.internal.reflect.DirectMethodHandleAccessor.invoke(DirectMethodHandleAccessor.java:104) ~[na:na]
	at java.base/java.lang.reflect.Method.invoke(Method.java:565) ~[na:na]
	at org.apache.maven.surefire.api.util.ReflectionUtils.invokeMethodWithArray(ReflectionUtils.java:125) ~[surefire-api-3.5.4.jar:3.5.4]
	at org.apache.maven.surefire.junitplatform.LauncherAdapter.executeWithCancellationToken(LauncherAdapter.java:68) ~[surefire-junit-platform-3.5.4.jar:3.5.4]
	at org.apache.maven.surefire.junitplatform.LauncherAdapter.execute(LauncherAdapter.java:54) ~[surefire-junit-platform-3.5.4.jar:3.5.4]
	at org.apache.maven.surefire.junitplatform.JUnitPlatformProvider.execute(JUnitPlatformProvider.java:203) ~[surefire-junit-platform-3.5.4.jar:3.5.4]
	at org.apache.maven.surefire.junitplatform.JUnitPlatformProvider.invokeAllTests(JUnitPlatformProvider.java:168) ~[surefire-junit-platform-3.5.4.jar:3.5.4]
	at org.apache.maven.surefire.junitplatform.JUnitPlatformProvider.invoke(JUnitPlatformProvider.java:136) ~[surefire-junit-platform-3.5.4.jar:3.5.4]
	at org.apache.maven.surefire.booter.ForkedBooter.runSuitesInProcess(ForkedBooter.java:385) ~[surefire-booter-3.5.4.jar:3.5.4]
	at org.apache.maven.surefire.booter.ForkedBooter.execute(ForkedBooter.java:162) ~[surefire-booter-3.5.4.jar:3.5.4]
	at org.apache.maven.surefire.booter.ForkedBooter.run(ForkedBooter.java:507) ~[surefire-booter-3.5.4.jar:3.5.4]
	at org.apache.maven.surefire.booter.ForkedBooter.main(ForkedBooter.java:495) ~[surefire-booter-3.5.4.jar:3.5.4]
Caused by: com.ibm.mq.MQException: JMSCMQ0001: IBM MQ call failed with compcode '2' ('MQCC_FAILED') reason '2538' ('MQRC_HOST_NOT_AVAILABLE').
	at com.ibm.msg.client.jakarta.wmq.common.internal.Reason.createException(Reason.java:217) ~[com.ibm.mq.jakarta.client-9.4.4.0.jar:9.4.4.0 - p944-L251003]
	... 118 common frames omitted
Caused by: com.ibm.mq.jmqi.JmqiException: CC=2;RC=2538;AMQ9204: Connection to host 'localhost(1414)' rejected. [1=com.ibm.mq.jmqi.JmqiException[CC=2;RC=2538;AMQ9204: Connection to host 'localhost/127.0.0.1:1414' rejected. [1=java.net.ConnectException[Connection refused],3=localhost/127.0.0.1:1414,4=TCP,5=Socket.connect]],3=localhost(1414),4=,5=RemoteTCPConnection.bindAndConnectSocket]
	at com.ibm.mq.jmqi.remote.api.RemoteFAP$Connector.jmqiConnect(RemoteFAP.java:13911) ~[com.ibm.mq.jakarta.client-9.4.4.0.jar:9.4.4.0 - p944-L251003]
	at com.ibm.mq.jmqi.remote.api.RemoteFAP$Connector.access$200(RemoteFAP.java:13340) ~[com.ibm.mq.jakarta.client-9.4.4.0.jar:9.4.4.0 - p944-L251003]
	at com.ibm.mq.jmqi.remote.api.RemoteFAP.jmqiConnect(RemoteFAP.java:1544) ~[com.ibm.mq.jakarta.client-9.4.4.0.jar:9.4.4.0 - p944-L251003]
	at com.ibm.mq.jmqi.remote.api.RemoteFAP.jmqiConnect(RemoteFAP.java:1413) ~[com.ibm.mq.jakarta.client-9.4.4.0.jar:9.4.4.0 - p944-L251003]
	at com.ibm.mq.ese.jmqi.InterceptedJmqiImpl.jmqiConnect(InterceptedJmqiImpl.java:377) ~[com.ibm.mq.jakarta.client-9.4.4.0.jar:9.4.4.0 - p944-L251003]
	at com.ibm.mq.ese.jmqi.ESEJMQI.jmqiConnect(ESEJMQI.java:562) ~[com.ibm.mq.jakarta.client-9.4.4.0.jar:9.4.4.0 - p944-L251003]
	at com.ibm.msg.client.jakarta.wmq.internal.WMQConnection.<init>(WMQConnection.java:438) ~[com.ibm.mq.jakarta.client-9.4.4.0.jar:9.4.4.0 - p944-L251003]
	... 117 common frames omitted
Caused by: com.ibm.mq.jmqi.JmqiException: CC=2;RC=2538;AMQ9204: Connection to host 'localhost/127.0.0.1:1414' rejected. [1=java.net.ConnectException[Connection refused],3=localhost/127.0.0.1:1414,4=TCP,5=Socket.connect]
	at com.ibm.mq.jmqi.remote.impl.RemoteTCPConnection.bindAndConnectSocket(RemoteTCPConnection.java:1000) ~[com.ibm.mq.jakarta.client-9.4.4.0.jar:9.4.4.0 - p944-L251003]
	at com.ibm.mq.jmqi.remote.impl.RemoteTCPConnection.protocolConnect(RemoteTCPConnection.java:1764) ~[com.ibm.mq.jakarta.client-9.4.4.0.jar:9.4.4.0 - p944-L251003]
	at com.ibm.mq.jmqi.remote.impl.RemoteConnection.connect(RemoteConnection.java:1006) ~[com.ibm.mq.jakarta.client-9.4.4.0.jar:9.4.4.0 - p944-L251003]
	at com.ibm.mq.jmqi.remote.impl.RemoteConnectionSpecification.getNewConnection(RemoteConnectionSpecification.java:691) ~[com.ibm.mq.jakarta.client-9.4.4.0.jar:9.4.4.0 - p944-L251003]
	at com.ibm.mq.jmqi.remote.impl.RemoteConnectionSpecification.getSessionFromNewConnection(RemoteConnectionSpecification.java:283) ~[com.ibm.mq.jakarta.client-9.4.4.0.jar:9.4.4.0 - p944-L251003]
	at com.ibm.mq.jmqi.remote.impl.RemoteConnectionSpecification.getSession(RemoteConnectionSpecification.java:170) ~[com.ibm.mq.jakarta.client-9.4.4.0.jar:9.4.4.0 - p944-L251003]
	at com.ibm.mq.jmqi.remote.impl.RemoteConnectionPool.getSession(RemoteConnectionPool.java:128) ~[com.ibm.mq.jakarta.client-9.4.4.0.jar:9.4.4.0 - p944-L251003]
	at com.ibm.mq.jmqi.remote.api.RemoteFAP$Connector.jmqiConnect(RemoteFAP.java:13575) ~[com.ibm.mq.jakarta.client-9.4.4.0.jar:9.4.4.0 - p944-L251003]
	... 123 common frames omitted
Caused by: java.net.ConnectException: Connection refused
	at java.base/sun.nio.ch.Net.connect0(Native Method) ~[na:na]
	at java.base/sun.nio.ch.Net.connect(Net.java:546) ~[na:na]
	at java.base/sun.nio.ch.Net.connect(Net.java:535) ~[na:na]
	at java.base/sun.nio.ch.NioSocketImpl.connect(NioSocketImpl.java:585) ~[na:na]
	at java.base/java.net.SocksSocketImpl.connect(SocksSocketImpl.java:284) ~[na:na]
	at java.base/java.net.Socket.connect(Socket.java:659) ~[na:na]
	at java.base/java.net.Socket.connect(Socket.java:597) ~[na:na]
	at com.ibm.mq.jmqi.remote.impl.RemoteTCPConnection$4.run(RemoteTCPConnection.java:1174) ~[com.ibm.mq.jakarta.client-9.4.4.0.jar:9.4.4.0 - p944-L251003]
	at com.ibm.mq.jmqi.remote.impl.RemoteTCPConnection$4.run(RemoteTCPConnection.java:1166) ~[com.ibm.mq.jakarta.client-9.4.4.0.jar:9.4.4.0 - p944-L251003]
	at java.base/java.security.AccessController.doPrivileged(AccessController.java:74) ~[na:na]
	at com.ibm.mq.jmqi.remote.impl.RemoteTCPConnection.connectSocket(RemoteTCPConnection.java:1166) ~[com.ibm.mq.jakarta.client-9.4.4.0.jar:9.4.4.0 - p944-L251003]
	at com.ibm.mq.jmqi.remote.impl.RemoteTCPConnection.bindAndConnectSocket(RemoteTCPConnection.java:906) ~[com.ibm.mq.jakarta.client-9.4.4.0.jar:9.4.4.0 - p944-L251003]
	... 130 common frames omitted

2026-03-12T11:18:43.714-04:00  INFO 90043 --- [transaction-event-bridge] [           main] o.s.i.endpoint.EventDrivenConsumer       : Adding {filter} as a subscriber to the 'inboundMqFlow.channel#0' channel
2026-03-12T11:18:43.714-04:00  INFO 90043 --- [transaction-event-bridge] [           main] o.s.integration.channel.DirectChannel    : Channel 'transaction-event-bridge.inboundMqFlow.channel#0' has 1 subscriber(s).
2026-03-12T11:18:43.714-04:00  INFO 90043 --- [transaction-event-bridge] [           main] o.s.i.endpoint.EventDrivenConsumer       : started bean 'inboundMqFlow.org.springframework.integration.config.ConsumerEndpointFactoryBean#0'; from source: 'public org.springframework.integration.dsl.IntegrationFlow com.harpreetsaund.transactioneventbridge.config.InboundChannelConfig.inboundMqFlow(jakarta.jms.ConnectionFactory,com.harpreetsaund.transactioneventbridge.service.MessageFilterService,com.harpreetsaund.transactioneventbridge.service.MessageTransformService)'
2026-03-12T11:18:43.714-04:00  INFO 90043 --- [transaction-event-bridge] [           main] o.s.i.endpoint.EventDrivenConsumer       : Adding {method-invoking-transformer} as a subscriber to the 'inboundMqFlow.channel#1' channel
2026-03-12T11:18:43.714-04:00  INFO 90043 --- [transaction-event-bridge] [           main] o.s.integration.channel.DirectChannel    : Channel 'transaction-event-bridge.inboundMqFlow.channel#1' has 1 subscriber(s).
2026-03-12T11:18:43.714-04:00  INFO 90043 --- [transaction-event-bridge] [           main] o.s.i.endpoint.EventDrivenConsumer       : started bean 'inboundMqFlow.org.springframework.integration.config.ConsumerEndpointFactoryBean#1'; from source: 'public org.springframework.integration.dsl.IntegrationFlow com.harpreetsaund.transactioneventbridge.config.InboundChannelConfig.inboundMqFlow(jakarta.jms.ConnectionFactory,com.harpreetsaund.transactioneventbridge.service.MessageFilterService,com.harpreetsaund.transactioneventbridge.service.MessageTransformService)'
2026-03-12T11:18:43.714-04:00  INFO 90043 --- [transaction-event-bridge] [           main] o.s.i.endpoint.EventDrivenConsumer       : Adding {method-invoking-transformer} as a subscriber to the 'outboundKafkaChannel' channel
2026-03-12T11:18:43.714-04:00  INFO 90043 --- [transaction-event-bridge] [           main] o.s.integration.channel.DirectChannel    : Channel 'transaction-event-bridge.outboundKafkaChannel' has 1 subscriber(s).
2026-03-12T11:18:43.714-04:00  INFO 90043 --- [transaction-event-bridge] [           main] o.s.i.endpoint.EventDrivenConsumer       : started bean 'outboundKafkaFlow.org.springframework.integration.config.ConsumerEndpointFactoryBean#0'; from source: 'public org.springframework.integration.dsl.IntegrationFlow com.harpreetsaund.transactioneventbridge.config.OutboundChannelConfig.outboundKafkaFlow(com.harpreetsaund.transactioneventbridge.service.MessageTransformService,org.springframework.kafka.core.KafkaTemplate)'
2026-03-12T11:18:43.714-04:00  INFO 90043 --- [transaction-event-bridge] [           main] o.s.i.endpoint.EventDrivenConsumer       : Adding {kafka:outbound-channel-adapter} as a subscriber to the 'outboundKafkaFlow.channel#0' channel
2026-03-12T11:18:43.715-04:00  INFO 90043 --- [transaction-event-bridge] [           main] o.s.integration.channel.DirectChannel    : Channel 'transaction-event-bridge.outboundKafkaFlow.channel#0' has 1 subscriber(s).
2026-03-12T11:18:43.715-04:00  INFO 90043 --- [transaction-event-bridge] [           main] o.s.i.endpoint.EventDrivenConsumer       : started bean 'outboundKafkaFlow.org.springframework.integration.config.ConsumerEndpointFactoryBean#1'; from source: 'public org.springframework.integration.dsl.IntegrationFlow com.harpreetsaund.transactioneventbridge.config.OutboundChannelConfig.outboundKafkaFlow(com.harpreetsaund.transactioneventbridge.service.MessageTransformService,org.springframework.kafka.core.KafkaTemplate)'
2026-03-12T11:18:43.722-04:00  INFO 90043 --- [transaction-event-bridge] [           main] ishingJmsMessageListener$GatewayDelegate : started org.springframework.integration.jms.inbound.ChannelPublishingJmsMessageListener$GatewayDelegate@38e2b7f4
2026-03-12T11:18:43.723-04:00  INFO 90043 --- [transaction-event-bridge] [           main] o.s.i.j.i.JmsMessageDrivenEndpoint       : started bean 'inboundMqFlow.jms:message-driven-channel-adapter#0'; from source: 'public org.springframework.integration.dsl.IntegrationFlow com.harpreetsaund.transactioneventbridge.config.InboundChannelConfig.inboundMqFlow(jakarta.jms.ConnectionFactory,com.harpreetsaund.transactioneventbridge.service.MessageFilterService,com.harpreetsaund.transactioneventbridge.service.MessageTransformService)'
2026-03-12T11:18:43.726-04:00 ERROR 90043 --- [transaction-event-bridge] [erContainer#0-1] o.s.j.l.DefaultMessageListenerContainer  : Could not refresh JMS Connection for destination 'DEV.TRANSACTION.IN' - retrying using FixedBackOffExecution[interval=5000, currentAttempts=0, maxAttempts=unlimited]. Cause: JMSWMQ0018: Failed to connect to queue manager 'QM1' with connection mode 'Client' and host name 'localhost(1414)'.; nested exception is com.ibm.mq.MQException: JMSCMQ0001: IBM MQ call failed with compcode '2' ('MQCC_FAILED') reason '2538' ('MQRC_HOST_NOT_AVAILABLE').
2026-03-12T11:18:43.728-04:00  INFO 90043 --- [transaction-event-bridge] [           main] t.TransactionEventBridgeApplicationTests : Started TransactionEventBridgeApplicationTests in 1.334 seconds (process running for 2.563)
]]></system-out>
  </testcase>
</testsuite>